g:\code\learningopencv\build\src\imgmosaicking.dir\debug\vc120.pdb
g:\code\learningopencv\build\src\imgmosaicking.dir\debug\source.obj
g:\code\learningopencv\build\src\imgmosaicking.dir\debug\imgmosaicking.obj
g:\code\learningopencv\build\src\cmakefiles\generate.stamp
g:\code\learningopencv\bin\debug\imgmosaicking.pdb
g:\code\learningopencv\build\src\imgmosaicking.dir\debug\imgmosaicking.tlog\cl.command.1.tlog
g:\code\learningopencv\build\src\imgmosaicking.dir\debug\imgmosaicking.tlog\cl.read.1.tlog
g:\code\learningopencv\build\src\imgmosaicking.dir\debug\imgmosaicking.tlog\cl.write.1.tlog
g:\code\learningopencv\build\src\imgmosaicking.dir\debug\imgmosaicking.tlog\custombuild.command.1.tlog
g:\code\learningopencv\build\src\imgmosaicking.dir\debug\imgmosaicking.tlog\custombuild.read.1.tlog
g:\code\learningopencv\build\src\imgmosaicking.dir\debug\imgmosaicking.tlog\custombuild.write.1.tlog
g:\code\learningopencv\build\src\imgmosaicking.dir\debug\imgmosaicking.tlog\link-cvtres.read.1.tlog
g:\code\learningopencv\build\src\imgmosaicking.dir\debug\imgmosaicking.tlog\link-cvtres.write.1.tlog
g:\code\learningopencv\build\src\imgmosaicking.dir\debug\imgmosaicking.tlog\link-rc.read.1.tlog
g:\code\learningopencv\build\src\imgmosaicking.dir\debug\imgmosaicking.tlog\link-rc.write.1.tlog
g:\code\learningopencv\build\src\imgmosaicking.dir\debug\imgmosaicking.tlog\link.44348-cvtres.read.1.tlog
g:\code\learningopencv\build\src\imgmosaicking.dir\debug\imgmosaicking.tlog\link.44348-cvtres.write.1.tlog
g:\code\learningopencv\build\src\imgmosaicking.dir\debug\imgmosaicking.tlog\link.44348-rc.read.1.tlog
g:\code\learningopencv\build\src\imgmosaicking.dir\debug\imgmosaicking.tlog\link.44348-rc.write.1.tlog
g:\code\learningopencv\build\src\imgmosaicking.dir\debug\imgmosaicking.tlog\link.44348.read.1.tlog
g:\code\learningopencv\build\src\imgmosaicking.dir\debug\imgmosaicking.tlog\link.44348.write.1.tlog
g:\code\learningopencv\build\src\imgmosaicking.dir\debug\imgmosaicking.tlog\link.command.1.tlog
g:\code\learningopencv\build\src\imgmosaicking.dir\debug\imgmosaicking.tlog\link.read.1.tlog
g:\code\learningopencv\build\src\imgmosaicking.dir\debug\imgmosaicking.tlog\link.write.1.tlog
