g:\code\learningopencv\build\src\superresolution.dir\debug\vc120.pdb
g:\code\learningopencv\build\src\superresolution.dir\debug\wavelet_cdf97.obj
g:\code\learningopencv\build\src\superresolution.dir\debug\super_resolution.obj
g:\code\learningopencv\build\src\superresolution.dir\debug\match_template.obj
g:\code\learningopencv\build\src\superresolution.dir\debug\manyimages.obj
g:\code\learningopencv\build\src\superresolution.dir\debug\interpolator.obj
g:\code\learningopencv\build\src\superresolution.dir\debug\seqcapture.obj
g:\code\learningopencv\build\src\superresolution.dir\debug\superresolution.obj
g:\code\learningopencv\build\src\cmakefiles\generate.stamp
g:\code\learningopencv\bin\debug\superresolution.ilk
g:\code\learningopencv\bin\debug\superresolution.exe
g:\code\learningopencv\bin\debug\superresolution.pdb
g:\code\learningopencv\build\src\superresolution.dir\debug\superresolution.tlog\cl.command.1.tlog
g:\code\learningopencv\build\src\superresolution.dir\debug\superresolution.tlog\cl.read.1.tlog
g:\code\learningopencv\build\src\superresolution.dir\debug\superresolution.tlog\cl.write.1.tlog
g:\code\learningopencv\build\src\superresolution.dir\debug\superresolution.tlog\custombuild.command.1.tlog
g:\code\learningopencv\build\src\superresolution.dir\debug\superresolution.tlog\custombuild.read.1.tlog
g:\code\learningopencv\build\src\superresolution.dir\debug\superresolution.tlog\custombuild.write.1.tlog
g:\code\learningopencv\build\src\superresolution.dir\debug\superresolution.tlog\link.command.1.tlog
g:\code\learningopencv\build\src\superresolution.dir\debug\superresolution.tlog\link.read.1.tlog
g:\code\learningopencv\build\src\superresolution.dir\debug\superresolution.tlog\link.write.1.tlog
