g:\code\learningopencv\build\src\lanedetect.dir\debug\vc120.pdb
g:\code\learningopencv\build\src\lanedetect.dir\debug\wavelet_cdf97.obj
g:\code\learningopencv\build\src\lanedetect.dir\debug\super_resolution.obj
g:\code\learningopencv\build\src\lanedetect.dir\debug\match_template.obj
g:\code\learningopencv\build\src\lanedetect.dir\debug\manyimages.obj
g:\code\learningopencv\build\src\lanedetect.dir\debug\interpolator.obj
g:\code\learningopencv\build\src\lanedetect.dir\debug\angle.obj
g:\code\learningopencv\build\src\lanedetect.dir\debug\seqcapture.obj
g:\code\learningopencv\build\src\lanedetect.dir\debug\lanedetect.obj
g:\code\learningopencv\build\src\cmakefiles\generate.stamp
g:\code\learningopencv\bin\debug\lanedetect.ilk
g:\code\learningopencv\bin\debug\lanedetect.exe
g:\code\learningopencv\bin\debug\lanedetect.pdb
g:\code\learningopencv\build\src\lanedetect.dir\debug\lanedetect.tlog\cl.command.1.tlog
g:\code\learningopencv\build\src\lanedetect.dir\debug\lanedetect.tlog\cl.read.1.tlog
g:\code\learningopencv\build\src\lanedetect.dir\debug\lanedetect.tlog\cl.write.1.tlog
g:\code\learningopencv\build\src\lanedetect.dir\debug\lanedetect.tlog\custombuild.command.1.tlog
g:\code\learningopencv\build\src\lanedetect.dir\debug\lanedetect.tlog\custombuild.read.1.tlog
g:\code\learningopencv\build\src\lanedetect.dir\debug\lanedetect.tlog\custombuild.write.1.tlog
g:\code\learningopencv\build\src\lanedetect.dir\debug\lanedetect.tlog\link.command.1.tlog
g:\code\learningopencv\build\src\lanedetect.dir\debug\lanedetect.tlog\link.read.1.tlog
g:\code\learningopencv\build\src\lanedetect.dir\debug\lanedetect.tlog\link.write.1.tlog
